<?xml version="1.0" encoding="UTF-8"?>
<testsuite name="com.uplusion23.todoServer.TodoServerApplicationTests" tests="6" skipped="0" failures="0" errors="0" timestamp="2021-10-28T18:12:25" hostname="RGCAFCS86520" time="0.499">
  <properties/>
  <testcase name="canNotDeleteInvalidItem()" classname="com.uplusion23.todoServer.TodoServerApplicationTests" time="0.265"/>
  <testcase name="canUpdateTodoItem()" classname="com.uplusion23.todoServer.TodoServerApplicationTests" time="0.102"/>
  <testcase name="canPostNewItem()" classname="com.uplusion23.todoServer.TodoServerApplicationTests" time="0.011"/>
  <testcase name="canDeleteTodoItem()" classname="com.uplusion23.todoServer.TodoServerApplicationTests" time="0.022"/>
  <testcase name="canGetAllItems()" classname="com.uplusion23.todoServer.TodoServerApplicationTests" time="0.084"/>
  <testcase name="canNotUpdateInvalidItem()" classname="com.uplusion23.todoServer.TodoServerApplicationTests" time="0.01"/>
  <system-out><![CDATA[13:12:22.312 [Test worker] DEBUG org.springframework.test.context.BootstrapUtils - Instantiating CacheAwareContextLoaderDelegate from class [org.springframework.test.context.cache.DefaultCacheAwareContextLoaderDelegate]
13:12:22.318 [Test worker] DEBUG org.springframework.test.context.BootstrapUtils - Instantiating BootstrapContext using constructor [public org.springframework.test.context.support.DefaultBootstrapContext(java.lang.Class,org.springframework.test.context.CacheAwareContextLoaderDelegate)]
13:12:22.340 [Test worker] DEBUG org.springframework.test.context.BootstrapUtils - Instantiating TestContextBootstrapper for test class [com.uplusion23.todoServer.TodoServerApplicationTests] from class [org.springframework.boot.test.context.SpringBootTestContextBootstrapper]
13:12:22.348 [Test worker] INFO org.springframework.boot.test.context.SpringBootTestContextBootstrapper - Neither @ContextConfiguration nor @ContextHierarchy found for test class [com.uplusion23.todoServer.TodoServerApplicationTests], using SpringBootContextLoader
13:12:22.350 [Test worker] DEBUG org.springframework.test.context.support.AbstractContextLoader - Did not detect default resource location for test class [com.uplusion23.todoServer.TodoServerApplicationTests]: class path resource [com/uplusion23/todoServer/TodoServerApplicationTests-context.xml] does not exist
13:12:22.351 [Test worker] DEBUG org.springframework.test.context.support.AbstractContextLoader - Did not detect default resource location for test class [com.uplusion23.todoServer.TodoServerApplicationTests]: class path resource [com/uplusion23/todoServer/TodoServerApplicationTestsContext.groovy] does not exist
13:12:22.351 [Test worker] INFO org.springframework.test.context.support.AbstractContextLoader - Could not detect default resource locations for test class [com.uplusion23.todoServer.TodoServerApplicationTests]: no resource found for suffixes {-context.xml, Context.groovy}.
13:12:22.351 [Test worker] INFO org.springframework.test.context.support.AnnotationConfigContextLoaderUtils - Could not detect default configuration classes for test class [com.uplusion23.todoServer.TodoServerApplicationTests]: TodoServerApplicationTests does not declare any static, non-private, non-final, nested classes annotated with @Configuration.
13:12:22.383 [Test worker] DEBUG org.springframework.test.context.support.ActiveProfilesUtils - Could not find an 'annotation declaring class' for annotation type [org.springframework.test.context.ActiveProfiles] and class [com.uplusion23.todoServer.TodoServerApplicationTests]
13:12:22.414 [Test worker] DEBUG org.springframework.context.annotation.ClassPathScanningCandidateComponentProvider - Identified candidate component class: file [/Users/t2186523/Javascript-Projects/fullstack-practice/todo-backend/build/classes/java/main/com/uplusion23/todoServer/TodoServerApplication.class]
13:12:22.415 [Test worker] INFO org.springframework.boot.test.context.SpringBootTestContextBootstrapper - Found @SpringBootConfiguration com.uplusion23.todoServer.TodoServerApplication for test class com.uplusion23.todoServer.TodoServerApplicationTests
13:12:22.476 [Test worker] DEBUG org.springframework.boot.test.context.SpringBootTestContextBootstrapper - @TestExecutionListeners is not present for class [com.uplusion23.todoServer.TodoServerApplicationTests]: using defaults.
13:12:22.476 [Test worker] INFO org.springframework.boot.test.context.SpringBootTestContextBootstrapper - Loaded default TestExecutionListener class names from location [META-INF/spring.factories]: [org.springframework.boot.test.autoconfigure.restdocs.RestDocsTestExecutionListener, org.springframework.boot.test.autoconfigure.web.client.MockRestServiceServerResetTestExecutionListener, org.springframework.boot.test.autoconfigure.web.servlet.MockMvcPrintOnlyOnFailureTestExecutionListener, org.springframework.boot.test.autoconfigure.web.servlet.WebDriverTestExecutionListener, org.springframework.boot.test.autoconfigure.webservices.client.MockWebServiceServerTestExecutionListener, org.springframework.boot.test.mock.mockito.MockitoTestExecutionListener, org.springframework.boot.test.mock.mockito.ResetMocksTestExecutionListener, org.springframework.test.context.web.ServletTestExecutionListener, org.springframework.test.context.support.DirtiesContextBeforeModesTestExecutionListener, org.springframework.test.context.event.ApplicationEventsTestExecutionListener, org.springframework.test.context.support.DependencyInjectionTestExecutionListener, org.springframework.test.context.support.DirtiesContextTestExecutionListener, org.springframework.test.context.transaction.TransactionalTestExecutionListener, org.springframework.test.context.jdbc.SqlScriptsTestExecutionListener, org.springframework.test.context.event.EventPublishingTestExecutionListener]
13:12:22.487 [Test worker] INFO org.springframework.boot.test.context.SpringBootTestContextBootstrapper - Using TestExecutionListeners: [org.springframework.test.context.web.ServletTestExecutionListener@c260bdc, org.springframework.test.context.support.DirtiesContextBeforeModesTestExecutionListener@75e01201, org.springframework.test.context.event.ApplicationEventsTestExecutionListener@2783717b, org.springframework.boot.test.mock.mockito.MockitoTestExecutionListener@76f7d241, org.springframework.boot.test.autoconfigure.SpringBootDependencyInjectionTestExecutionListener@4a335fa8, org.springframework.test.context.support.DirtiesContextTestExecutionListener@3f363cf5, org.springframework.test.context.transaction.TransactionalTestExecutionListener@3829ac1, org.springframework.test.context.jdbc.SqlScriptsTestExecutionListener@4baf352a, org.springframework.test.context.event.EventPublishingTestExecutionListener@1bb1fde8, org.springframework.boot.test.autoconfigure.restdocs.RestDocsTestExecutionListener@15eebbff, org.springframework.boot.test.autoconfigure.web.client.MockRestServiceServerResetTestExecutionListener@22d6f11, org.springframework.boot.test.autoconfigure.web.servlet.MockMvcPrintOnlyOnFailureTestExecutionListener@30990c1b, org.springframework.boot.test.autoconfigure.web.servlet.WebDriverTestExecutionListener@2453f95d, org.springframework.boot.test.autoconfigure.webservices.client.MockWebServiceServerTestExecutionListener@44828f6b, org.springframework.boot.test.mock.mockito.ResetMocksTestExecutionListener@2dbe250d]
13:12:22.489 [Test worker] DEBUG org.springframework.test.context.support.AbstractDirtiesContextTestExecutionListener - Before test class: context [DefaultTestContext@33e01298 testClass = TodoServerApplicationTests, testInstance = [null], testMethod = [null], testException = [null], mergedContextConfiguration = [WebMergedContextConfiguration@31e75d13 testClass = TodoServerApplicationTests, locations = '{}', classes = '{class com.uplusion23.todoServer.TodoServerApplication}', contextInitializerClasses = '[]', activeProfiles = '{}', propertySourceLocations = '{}', propertySourceProperties = '{org.springframework.boot.test.context.SpringBootTestContextBootstrapper=true}', contextCustomizers = set[org.springframework.boot.test.autoconfigure.actuate.metrics.MetricsExportContextCustomizerFactory$DisableMetricExportContextCustomizer@132e0cc, org.springframework.boot.test.autoconfigure.properties.PropertyMappingContextCustomizer@4b3fa0b3, org.springframework.boot.test.autoconfigure.web.servlet.WebDriverContextCustomizerFactory$Customizer@6af9fcb2, [ImportsContextCustomizer@a5b0b86 key = [org.springframework.boot.test.autoconfigure.web.servlet.MockMvcAutoConfiguration, org.springframework.boot.test.autoconfigure.web.servlet.MockMvcWebClientAutoConfiguration, org.springframework.boot.test.autoconfigure.web.servlet.MockMvcWebDriverAutoConfiguration, org.springframework.boot.autoconfigure.security.oauth2.client.servlet.OAuth2ClientAutoConfiguration, org.springframework.boot.autoconfigure.security.oauth2.resource.servlet.OAuth2ResourceServerAutoConfiguration, org.springframework.boot.autoconfigure.security.servlet.SecurityAutoConfiguration, org.springframework.boot.autoconfigure.security.servlet.SecurityFilterAutoConfiguration, org.springframework.boot.autoconfigure.security.servlet.UserDetailsServiceAutoConfiguration, org.springframework.boot.test.autoconfigure.web.servlet.MockMvcSecurityConfiguration, org.springframework.boot.test.autoconfigure.web.reactive.WebTestClientAutoConfiguration]], org.springframework.boot.test.context.filter.ExcludeFilterContextCustomizer@32c726ee, org.springframework.boot.test.json.DuplicateJsonObjectContextCustomizerFactory$DuplicateJsonObjectContextCustomizer@76f4b65, org.springframework.boot.test.mock.mockito.MockitoContextCustomizer@0, org.springframework.boot.test.web.client.TestRestTemplateContextCustomizer@466276d8, org.springframework.boot.test.context.SpringBootTestArgs@1, org.springframework.boot.test.context.SpringBootTestWebEnvironment@31f9b85e], resourceBasePath = 'src/main/webapp', contextLoader = 'org.springframework.boot.test.context.SpringBootContextLoader', parent = [null]], attributes = map['org.springframework.test.context.web.ServletTestExecutionListener.activateListener' -> true]], class annotated with @DirtiesContext [false] with mode [null].
13:12:22.511 [Test worker] DEBUG org.springframework.test.context.support.TestPropertySourceUtils - Adding inlined properties to environment: {spring.jmx.enabled=false, org.springframework.boot.test.context.SpringBootTestContextBootstrapper=true}

  .   ____          _            __ _ _
 /\\ / ___'_ __ _ _(_)_ __  __ _ \ \ \ \
( ( )\___ | '_ | '_| | '_ \/ _` | \ \ \ \
 \\/  ___)| |_)| | | | | || (_| |  ) ) ) )
  '  |____| .__|_| |_|_| |_\__, | / / / /
 =========|_|==============|___/=/_/_/_/
 :: Spring Boot ::       (v2.6.0-SNAPSHOT)

2021-10-28 13:12:22.669  INFO 62843 --- [    Test worker] c.u.t.TodoServerApplicationTests         : Starting TodoServerApplicationTests using Java 17 on RGCAFCS86520 with PID 62843 (started by t2186523 in /Users/t2186523/Javascript-Projects/fullstack-practice/todo-backend)
2021-10-28 13:12:22.671  INFO 62843 --- [    Test worker] c.u.t.TodoServerApplicationTests         : No active profile set, falling back to default profiles: default
2021-10-28 13:12:23.047  INFO 62843 --- [    Test worker] .s.d.r.c.RepositoryConfigurationDelegate : Bootstrapping Spring Data JPA repositories in DEFAULT mode.
2021-10-28 13:12:23.074  INFO 62843 --- [    Test worker] .s.d.r.c.RepositoryConfigurationDelegate : Finished Spring Data repository scanning in 23 ms. Found 1 JPA repository interfaces.
2021-10-28 13:12:23.417  INFO 62843 --- [    Test worker] o.hibernate.jpa.internal.util.LogHelper  : HHH000204: Processing PersistenceUnitInfo [name: default]
2021-10-28 13:12:23.453  INFO 62843 --- [    Test worker] org.hibernate.Version                    : HHH000412: Hibernate ORM core version 5.6.0.Final
2021-10-28 13:12:23.571  INFO 62843 --- [    Test worker] o.hibernate.annotations.common.Version   : HCANN000001: Hibernate Commons Annotations {5.1.2.Final}
2021-10-28 13:12:23.632  INFO 62843 --- [    Test worker] com.zaxxer.hikari.HikariDataSource       : HikariPool-1 - Starting...
2021-10-28 13:12:23.635  WARN 62843 --- [    Test worker] com.zaxxer.hikari.util.DriverDataSource  : Registered driver with driverClassName=com.mysql.jdbc.Driver was not found, trying direct instantiation.
2021-10-28 13:12:23.894  INFO 62843 --- [    Test worker] com.zaxxer.hikari.HikariDataSource       : HikariPool-1 - Start completed.
2021-10-28 13:12:23.906  INFO 62843 --- [    Test worker] org.hibernate.dialect.Dialect            : HHH000400: Using dialect: org.hibernate.dialect.MySQL8Dialect
2021-10-28 13:12:24.343  INFO 62843 --- [    Test worker] o.h.e.t.j.p.i.JtaPlatformInitiator       : HHH000490: Using JtaPlatform implementation: [org.hibernate.engine.transaction.jta.platform.internal.NoJtaPlatform]
2021-10-28 13:12:24.349  INFO 62843 --- [    Test worker] j.LocalContainerEntityManagerFactoryBean : Initialized JPA EntityManagerFactory for persistence unit 'default'
2021-10-28 13:12:24.700  WARN 62843 --- [    Test worker] JpaBaseConfiguration$JpaWebConfiguration : spring.jpa.open-in-view is enabled by default. Therefore, database queries may be performed during view rendering. Explicitly configure spring.jpa.open-in-view to disable this warning
2021-10-28 13:12:25.165  INFO 62843 --- [    Test worker] o.s.b.t.m.w.SpringBootMockServletContext : Initializing Spring TestDispatcherServlet ''
2021-10-28 13:12:25.166  INFO 62843 --- [    Test worker] o.s.t.web.servlet.TestDispatcherServlet  : Initializing Servlet ''
2021-10-28 13:12:25.166  INFO 62843 --- [    Test worker] o.s.t.web.servlet.TestDispatcherServlet  : Completed initialization in 0 ms
2021-10-28 13:12:25.181  INFO 62843 --- [    Test worker] c.u.t.TodoServerApplicationTests         : Started TodoServerApplicationTests in 2.666 seconds (JVM running for 3.396)
]]></system-out>
  <system-err><![CDATA[Loading class `com.mysql.jdbc.Driver'. This is deprecated. The new driver class is `com.mysql.cj.jdbc.Driver'. The driver is automatically registered via the SPI and manual loading of the driver class is generally unnecessary.
]]></system-err>
</testsuite>
